info @storybook/react v6.5.9
info 
info => Cleaning outputDir: /var/folders/0_/4qxgkny12bl9rn4wj162m1y40000gp/T/chromatic--67365-F5D477BfGOyu
(node:67397) DeprecationWarning: --static-dir CLI flag is deprecated, see:

https://github.com/storybookjs/storybook/blob/next/MIGRATION.md#deprecated---static-dir-cli-flag
(Use `node --trace-deprecation ...` to show where the warning was created)
ERR! NestedError: Cannot copy `/Users/princebhatia/Downloads/demo-storybook (1)/node_modules/@storybook/core-server/public/favicon.ico`: the file doesn't exist
ERR!     at /Users/princebhatia/Downloads/demo-storybook (1)/node_modules/cpy/index.js:96:10
ERR!     at processTicksAndRejections (internal/process/task_queues.js:95:5)
ERR!     at async buildStaticStandalone (/Users/princebhatia/Downloads/demo-storybook (1)/node_modules/@storybook/core-server/dist/cjs/build-static.js:104:3)
ERR!     at async buildStatic (/Users/princebhatia/Downloads/demo-storybook (1)/node_modules/@storybook/core-server/dist/cjs/build-static.js:254:5)
ERR!  NestedError: Cannot copy `/Users/princebhatia/Downloads/demo-storybook (1)/node_modules/@storybook/core-server/public/favicon.ico`: the file doesn't exist
ERR!     at /Users/princebhatia/Downloads/demo-storybook (1)/node_modules/cpy/index.js:96:10
ERR!     at processTicksAndRejections (internal/process/task_queues.js:95:5)
ERR!     at async buildStaticStandalone (/Users/princebhatia/Downloads/demo-storybook (1)/node_modules/@storybook/core-server/dist/cjs/build-static.js:104:3)
ERR!     at async buildStatic (/Users/princebhatia/Downloads/demo-storybook (1)/node_modules/@storybook/core-server/dist/cjs/build-static.js:254:5) {
ERR!   nested: undefined,
ERR!   name: 'CpyError'
ERR! }
info => Loading presets
